[20:15:23.969] [INFO] Storybook upgrade - v10.1.10
[20:15:23.982] [INFO] detect-projects-spinner-start: Detecting projects...
[20:15:23.987] [DEBUG] Finding Storybook projects...
[20:15:24.499] [DEBUG] Found 10 Storybook projects
[20:15:24.503] [INFO] detect-projects-spinner: Detecting projects: 1 projects
[20:15:24.504] [DEBUG] Getting Storybook data...
[20:15:24.504] [DEBUG] Getting Storybook info...
[20:15:24.514] [INFO] detect-projects-spinner: Detecting projects: 2 projects
[20:15:24.514] [DEBUG] Getting Storybook data...
[20:15:24.514] [DEBUG] Getting Storybook info...
[20:15:24.517] [INFO] detect-projects-spinner: Detecting projects: 3 projects
[20:15:24.517] [DEBUG] Getting Storybook data...
[20:15:24.517] [DEBUG] Getting Storybook info...
[20:15:24.522] [INFO] detect-projects-spinner: Detecting projects: 4 projects
[20:15:24.522] [DEBUG] Getting Storybook data...
[20:15:24.522] [DEBUG] Getting Storybook info...
[20:15:24.526] [INFO] detect-projects-spinner: Detecting projects: 5 projects
[20:15:24.526] [DEBUG] Getting Storybook data...
[20:15:24.526] [DEBUG] Getting Storybook info...
[20:15:24.669] [DEBUG] SB_CORE-SERVER_0006 (MainFileMissingError): No configuration files have been found in your configDir: [33mC:/Users/pachi/Documents/GitHub/frantsiles/react-ui-kit/node_modules/.pnpm/@nx+storybook@22.2.0_@babel_6793610e899c34bfe9697ef7cbd6c742/node_modules/@nx/storybook/src/generators/configuration/files/v9/project-files/.storybook[39m.
Storybook needs a "main.js" file, please add it.

You can pass a --config-dir flag to tell Storybook, where your main.js file is located at.

More info: https://storybook.js.org/docs/configure?ref=error

[20:15:24.669] [INFO] detect-projects-spinner: Detecting projects: 6 projects
[20:15:24.669] [DEBUG] Getting Storybook data...
[20:15:24.669] [DEBUG] Getting Storybook info...
[20:15:24.673] [DEBUG] SB_CORE-SERVER_0006 (MainFileMissingError): No configuration files have been found in your configDir: [33mC:/Users/pachi/Documents/GitHub/frantsiles/react-ui-kit/node_modules/.pnpm/@nx+storybook@22.2.0_@babel_6793610e899c34bfe9697ef7cbd6c742/node_modules/@nx/storybook/src/generators/configuration/files/v10/project-files/.storybook[39m.
Storybook needs a "main.js" file, please add it.

You can pass a --config-dir flag to tell Storybook, where your main.js file is located at.

More info: https://storybook.js.org/docs/configure?ref=error

[20:15:24.673] [INFO] detect-projects-spinner: Detecting projects: 7 projects
[20:15:24.673] [DEBUG] Getting Storybook data...
[20:15:24.673] [DEBUG] Getting Storybook info...
[20:15:24.676] [DEBUG] SB_CORE-SERVER_0006 (MainFileMissingError): No configuration files have been found in your configDir: [33mC:/Users/pachi/Documents/GitHub/frantsiles/react-ui-kit/node_modules/.pnpm/@nx+storybook@22.2.0_@babel_6793610e899c34bfe9697ef7cbd6c742/node_modules/@nx/storybook/src/generators/configuration/files/v10/project-files-ts/.storybook[39m.
Storybook needs a "main.js" file, please add it.

You can pass a --config-dir flag to tell Storybook, where your main.js file is located at.

More info: https://storybook.js.org/docs/configure?ref=error

[20:15:24.676] [INFO] detect-projects-spinner: Detecting projects: 8 projects
[20:15:24.676] [DEBUG] Getting Storybook data...
[20:15:24.676] [DEBUG] Getting Storybook info...
[20:15:24.725] [DEBUG] Loading main config...
[20:15:24.725] [DEBUG] Getting stories paths...
[20:15:24.729] [DEBUG] Loading main config...
[20:15:24.729] [DEBUG] Getting stories paths...
[20:15:24.730] [DEBUG] SB_CORE-SERVER_0006 (MainFileMissingError): No configuration files have been found in your configDir: [33mC:/Users/pachi/Documents/GitHub/frantsiles/react-ui-kit/node_modules/.pnpm/@nx+storybook@22.2.0_@babel_6793610e899c34bfe9697ef7cbd6c742/node_modules/@nx/storybook/src/generators/configuration/files/v9/project-files-ts/.storybook[39m.
Storybook needs a "main.js" file, please add it.

You can pass a --config-dir flag to tell Storybook, where your main.js file is located at.

More info: https://storybook.js.org/docs/configure?ref=error

[20:15:24.730] [INFO] detect-projects-spinner: Detecting projects: 9 projects
[20:15:24.730] [DEBUG] Getting Storybook data...
[20:15:24.730] [DEBUG] Getting Storybook info...
[20:15:24.733] [DEBUG] SB_CORE-SERVER_0006 (MainFileMissingError): No configuration files have been found in your configDir: [33mC:/Users/pachi/Documents/GitHub/frantsiles/react-ui-kit/node_modules/.pnpm/@nx+storybook@22.2.0_@babel_aa85445440cf3063ea1bf0460302d465/node_modules/@nx/storybook/src/generators/configuration/files/v9/project-files/.storybook[39m.
Storybook needs a "main.js" file, please add it.

You can pass a --config-dir flag to tell Storybook, where your main.js file is located at.

More info: https://storybook.js.org/docs/configure?ref=error

[20:15:24.733] [INFO] detect-projects-spinner: Detecting projects: 10 projects
[20:15:24.733] [DEBUG] Getting Storybook data...
[20:15:24.733] [DEBUG] Getting Storybook info...
[20:15:24.738] [DEBUG] SB_CORE-SERVER_0006 (MainFileMissingError): No configuration files have been found in your configDir: [33mC:/Users/pachi/Documents/GitHub/frantsiles/react-ui-kit/node_modules/.pnpm/@nx+storybook@22.2.0_@babel_aa85445440cf3063ea1bf0460302d465/node_modules/@nx/storybook/src/generators/configuration/files/v9/project-files-ts/.storybook[39m.
Storybook needs a "main.js" file, please add it.

You can pass a --config-dir flag to tell Storybook, where your main.js file is located at.

More info: https://storybook.js.org/docs/configure?ref=error

[20:15:24.745] [DEBUG] SB_CORE-SERVER_0006 (MainFileMissingError): No configuration files have been found in your configDir: [33mC:/Users/pachi/Documents/GitHub/frantsiles/react-ui-kit/node_modules/.pnpm/@nx+storybook@22.2.0_@babel_aa85445440cf3063ea1bf0460302d465/node_modules/@nx/storybook/src/generators/configuration/files/v10/project-files/.storybook[39m.
Storybook needs a "main.js" file, please add it.

You can pass a --config-dir flag to tell Storybook, where your main.js file is located at.

More info: https://storybook.js.org/docs/configure?ref=error

[20:15:24.746] [DEBUG] SB_CORE-SERVER_0006 (MainFileMissingError): No configuration files have been found in your configDir: [33mC:/Users/pachi/Documents/GitHub/frantsiles/react-ui-kit/node_modules/.pnpm/@nx+storybook@22.2.0_@babel_aa85445440cf3063ea1bf0460302d465/node_modules/@nx/storybook/src/generators/configuration/files/v10/project-files-ts/.storybook[39m.
Storybook needs a "main.js" file, please add it.

You can pass a --config-dir flag to tell Storybook, where your main.js file is located at.

More info: https://storybook.js.org/docs/configure?ref=error

[20:15:24.761] [DEBUG] Getting package manager...
[20:15:25.396] [DEBUG] Getting package.json info for C:/Users/pachi/Documents/GitHub/frantsiles/react-ui-kit/package.json...
[20:15:25.397] [DEBUG] Getting Storybook version...
[20:15:25.398] [DEBUG] C:/Users/pachi/Documents/GitHub/frantsiles/react-ui-kit/.storybook - Validating before version... 10.1.6
[20:15:25.398] [DEBUG] C:/Users/pachi/Documents/GitHub/frantsiles/react-ui-kit/.storybook - Validating upgrade compatibility...
[20:15:25.398] [DEBUG] C:/Users/pachi/Documents/GitHub/frantsiles/react-ui-kit/.storybook - Fetching NPM version information...
[20:15:25.398] [DEBUG] Getting CLI versions from NPM for storybook...
[20:15:25.398] [DEBUG] Executing command: pnpm info storybook version
[20:15:25.457] [DEBUG] Getting CLI versions from NPM for storybook@next...
[20:15:25.457] [DEBUG] Executing command: pnpm info storybook@next version
[20:15:25.514] [DEBUG] Getting package manager...
[20:15:26.420] [DEBUG] Getting package.json info for C:/Users/pachi/Documents/GitHub/frantsiles/react-ui-kit/package.json...
[20:15:26.420] [DEBUG] Getting Storybook version...
[20:15:26.422] [DEBUG] C:/Users/pachi/Documents/GitHub/frantsiles/react-ui-kit/apps/storybook/.storybook - Validating before version... 10.1.6
[20:15:26.422] [DEBUG] C:/Users/pachi/Documents/GitHub/frantsiles/react-ui-kit/apps/storybook/.storybook - Validating upgrade compatibility...
[20:15:26.422] [DEBUG] C:/Users/pachi/Documents/GitHub/frantsiles/react-ui-kit/apps/storybook/.storybook - Fetching NPM version information...
[20:15:26.422] [DEBUG] Getting CLI versions from NPM for storybook...
[20:15:26.422] [DEBUG] Executing command: pnpm info storybook version
[20:15:26.487] [DEBUG] Getting CLI versions from NPM for storybook@next...
[20:15:26.487] [DEBUG] Executing command: pnpm info storybook@next version
[20:15:27.847] [DEBUG] C:/Users/pachi/Documents/GitHub/frantsiles/react-ui-kit/.storybook - Evaluating blockers...
[20:15:27.912] [DEBUG] Getting installed version for @storybook/experimental-addon-test...
[20:15:27.912] [DEBUG] Executing command: pnpm list "@storybook/experimental-addon-test" --json --depth=99
[20:15:28.820] [DEBUG] C:/Users/pachi/Documents/GitHub/frantsiles/react-ui-kit/apps/storybook/.storybook - Evaluating blockers...
[20:15:28.838] [DEBUG] Using cached package.json for C:\Users\pachi\Documents\GitHub\frantsiles\react-ui-kit\package.json...
[20:15:28.838] [DEBUG] Getting installed version for @storybook/experimental-addon-test...
[20:15:28.838] [DEBUG] Executing command: pnpm list "@storybook/experimental-addon-test" --json --depth=99
[20:15:29.911] [INFO] detect-projects-spinner-stop: 10 projects detected
[20:15:29.912] [DEBUG] Found 2 valid projects and 8 error projects
[20:15:29.913] [INFO] Multiple Storybook projects found. Storybook can only upgrade all projects at once:
[32m✔[39m [36mC:/Users/pachi/Documents/GitHub/frantsiles/react-ui-kit/.storybook[39m
[32m✔[39m [36mC:/Users/pachi/Documents/GitHub/frantsiles/react-ui-kit/apps/storybook/.storybook[39m
There were some errors while collecting data for the following projects:
[31m✕[39m [36mC:/Users/pachi/Documents/GitHub/frantsiles/react-ui-kit/node_modules/.pnpm/@nx+storybook@22.2.0_@babel_6793610e899c34bfe9697ef7cbd6c742/node_modules/@nx/storybook/src/generators/configuration/files/v9/project-files/.storybook[39m
[31m✕[39m [36mC:/Users/pachi/Documents/GitHub/frantsiles/react-ui-kit/node_modules/.pnpm/@nx+storybook@22.2.0_@babel_6793610e899c34bfe9697ef7cbd6c742/node_modules/@nx/storybook/src/generators/configuration/files/v10/project-files/.storybook[39m
[31m✕[39m [36mC:/Users/pachi/Documents/GitHub/frantsiles/react-ui-kit/node_modules/.pnpm/@nx+storybook@22.2.0_@babel_6793610e899c34bfe9697ef7cbd6c742/node_modules/@nx/storybook/src/generators/configuration/files/v10/project-files-ts/.storybook[39m
[31m✕[39m [36mC:/Users/pachi/Documents/GitHub/frantsiles/react-ui-kit/node_modules/.pnpm/@nx+storybook@22.2.0_@babel_6793610e899c34bfe9697ef7cbd6c742/node_modules/@nx/storybook/src/generators/configuration/files/v9/project-files-ts/.storybook[39m
[31m✕[39m [36mC:/Users/pachi/Documents/GitHub/frantsiles/react-ui-kit/node_modules/.pnpm/@nx+storybook@22.2.0_@babel_aa85445440cf3063ea1bf0460302d465/node_modules/@nx/storybook/src/generators/configuration/files/v9/project-files/.storybook[39m
[31m✕[39m [36mC:/Users/pachi/Documents/GitHub/frantsiles/react-ui-kit/node_modules/.pnpm/@nx+storybook@22.2.0_@babel_aa85445440cf3063ea1bf0460302d465/node_modules/@nx/storybook/src/generators/configuration/files/v9/project-files-ts/.storybook[39m
[31m✕[39m [36mC:/Users/pachi/Documents/GitHub/frantsiles/react-ui-kit/node_modules/.pnpm/@nx+storybook@22.2.0_@babel_aa85445440cf3063ea1bf0460302d465/node_modules/@nx/storybook/src/generators/configuration/files/v10/project-files/.storybook[39m
[31m✕[39m [36mC:/Users/pachi/Documents/GitHub/frantsiles/react-ui-kit/node_modules/.pnpm/@nx+storybook@22.2.0_@babel_aa85445440cf3063ea1bf0460302d465/node_modules/@nx/storybook/src/generators/configuration/files/v10/project-files-ts/.storybook[39m

Full logs will be available in the Storybook debug logs at the end of the run.
[20:15:33.949] [PROMPT] Continue with the upgrade? {"choice":true}
[20:15:33.949] [INFO] Upgrading the following projects:
          [36mC:/Users/pachi/Documents/GitHub/frantsiles/react-ui-kit/.storybook[39m: [1m10.1.6[22m -> [1m10.1.10[22m
[36mC:/Users/pachi/Documents/GitHub/frantsiles/react-ui-kit/apps/storybook/.storybook[39m: [1m10.1.6[22m -> [1m10.1.10[22m
[20:15:33.952] [INFO] upgrade-dependencies-task-start: Fetching versions to update package.json files..
[20:15:33.953] [DEBUG] Updating dependencies in C:/Users/pachi/Documents/GitHub/frantsiles/react-ui-kit/.storybook...
[20:15:33.953] [INFO] upgrade-dependencies-task: C:/Users/pachi/Documents/GitHub/frantsiles/react-ui-kit/package.json
[20:15:33.955] [DEBUG] Using cached package.json for C:\Users\pachi\Documents\GitHub\frantsiles\react-ui-kit\package.json...
[20:15:33.956] [DEBUG] {
  "upgradedDependencies": []
}
[20:15:33.956] [DEBUG] {
  "upgradedDevDependencies": [
    "@storybook/addon-a11y@^10.1.10",
    "@storybook/addon-docs@^10.1.10",
    "@storybook/addon-vitest@^10.1.10",
    "@storybook/react@^10.1.10",
    "@storybook/react-vite@^10.1.10",
    "storybook@^10.1.10"
  ]
}
[20:15:33.956] [DEBUG] {
  "upgradedPeerDependencies": []
}
[20:15:33.956] [DEBUG] Getting package.json info for C:/Users/pachi/Documents/GitHub/frantsiles/react-ui-kit/package.json...
[20:15:33.956] [DEBUG] Using cached package.json for C:\Users\pachi\Documents\GitHub\frantsiles\react-ui-kit\package.json...
[20:15:33.957] [DEBUG] Getting package.json info for C:/Users/pachi/Documents/GitHub/frantsiles/react-ui-kit/package.json...
[20:15:33.957] [DEBUG] Using cached package.json for C:\Users\pachi\Documents\GitHub\frantsiles\react-ui-kit\package.json...
[20:15:33.958] [DEBUG] Getting CLI versions from NPM for @storybook/addon-a11y...
[20:15:33.958] [DEBUG] Executing command: pnpm info @storybook/addon-a11y version
[20:15:35.931] [DEBUG] Getting CLI versions from NPM for @storybook/addon-docs...
[20:15:35.931] [DEBUG] Executing command: pnpm info @storybook/addon-docs version
[20:15:37.996] [DEBUG] Getting CLI versions from NPM for @storybook/addon-vitest...
[20:15:37.996] [DEBUG] Executing command: pnpm info @storybook/addon-vitest version
[20:15:39.832] [DEBUG] Getting CLI versions from NPM for @storybook/react...
[20:15:39.832] [DEBUG] Executing command: pnpm info @storybook/react version
[20:15:41.901] [DEBUG] Getting CLI versions from NPM for @storybook/react-vite...
[20:15:41.901] [DEBUG] Executing command: pnpm info @storybook/react-vite version
[20:15:43.942] [DEBUG] Using cached version for storybook...
[20:15:43.943] [DEBUG] Getting package.json info for C:/Users/pachi/Documents/GitHub/frantsiles/react-ui-kit/package.json...
[20:15:43.943] [DEBUG] Using cached package.json for C:\Users\pachi\Documents\GitHub\frantsiles\react-ui-kit\package.json...
[20:15:43.944] [DEBUG] Updating dependencies in C:/Users/pachi/Documents/GitHub/frantsiles/react-ui-kit/apps/storybook/.storybook...
[20:15:43.944] [INFO] upgrade-dependencies-task: C:/Users/pachi/Documents/GitHub/frantsiles/react-ui-kit/apps/storybook/package.json
[20:15:43.945] [DEBUG] Using cached package.json for C:\Users\pachi\Documents\GitHub\frantsiles\react-ui-kit\apps\storybook\package.json...
[20:15:43.945] [DEBUG] {
  "upgradedDependencies": []
}
[20:15:43.945] [DEBUG] {
  "upgradedDevDependencies": []
}
[20:15:43.945] [DEBUG] {
  "upgradedPeerDependencies": []
}
[20:15:43.945] [DEBUG] Getting package.json info for C:/Users/pachi/Documents/GitHub/frantsiles/react-ui-kit/apps/storybook/package.json...
[20:15:43.945] [DEBUG] Using cached package.json for C:\Users\pachi\Documents\GitHub\frantsiles\react-ui-kit\apps\storybook\package.json...
[20:15:43.946] [DEBUG] Getting package.json info for C:/Users/pachi/Documents/GitHub/frantsiles/react-ui-kit/apps/storybook/package.json...
[20:15:43.946] [DEBUG] Using cached package.json for C:\Users\pachi\Documents\GitHub\frantsiles\react-ui-kit\apps\storybook\package.json...
[20:15:43.946] [DEBUG] Getting package.json info for C:/Users/pachi/Documents/GitHub/frantsiles/react-ui-kit/apps/storybook/package.json...
[20:15:43.947] [DEBUG] Using cached package.json for C:\Users\pachi\Documents\GitHub\frantsiles\react-ui-kit\apps\storybook\package.json...
[20:15:43.947] [DEBUG] Using cached package.json for C:\Users\pachi\Documents\GitHub\frantsiles\react-ui-kit\package.json...
[20:15:43.948] [DEBUG] {
  "upgradedDependencies": []
}
[20:15:43.948] [DEBUG] {
  "upgradedDevDependencies": [
    "@storybook/addon-a11y@^10.1.10",
    "@storybook/addon-docs@^10.1.10",
    "@storybook/addon-vitest@^10.1.10",
    "@storybook/react@^10.1.10",
    "@storybook/react-vite@^10.1.10",
    "storybook@^10.1.10"
  ]
}
[20:15:43.948] [DEBUG] {
  "upgradedPeerDependencies": []
}
[20:15:43.948] [DEBUG] Getting package.json info for C:/Users/pachi/Documents/GitHub/frantsiles/react-ui-kit/package.json...
[20:15:43.948] [DEBUG] Using cached package.json for C:\Users\pachi\Documents\GitHub\frantsiles\react-ui-kit\package.json...
[20:15:43.949] [DEBUG] Getting package.json info for C:/Users/pachi/Documents/GitHub/frantsiles/react-ui-kit/package.json...
[20:15:43.949] [DEBUG] Using cached package.json for C:\Users\pachi\Documents\GitHub\frantsiles\react-ui-kit\package.json...
[20:15:43.949] [DEBUG] Using cached version for @storybook/addon-a11y...
[20:15:43.949] [DEBUG] Using cached version for @storybook/addon-docs...
[20:15:43.949] [DEBUG] Using cached version for @storybook/addon-vitest...
[20:15:43.949] [DEBUG] Using cached version for @storybook/react...
[20:15:43.949] [DEBUG] Using cached version for @storybook/react-vite...
[20:15:43.949] [DEBUG] Using cached version for storybook...
[20:15:43.950] [DEBUG] Getting package.json info for C:/Users/pachi/Documents/GitHub/frantsiles/react-ui-kit/package.json...
[20:15:43.950] [DEBUG] Using cached package.json for C:\Users\pachi\Documents\GitHub\frantsiles\react-ui-kit\package.json...
[20:15:43.952] [INFO] upgrade-dependencies-task-success: Updated package versions in package.json files
[20:15:43.953] [INFO] detect-automigrations-task-start: Detecting automigrations for 2 projects...
[20:15:43.953] [DEBUG] Starting automigration collection across 2 projects and 19 fixes...
[20:15:43.954] [INFO] detect-automigrations-task: Checking automigrations for
C:/Users/pachi/Documents/GitHub/frantsiles/react-ui-kit/.storybook...
[20:15:43.954] [DEBUG] Processing project: C:/Users/pachi/Documents/GitHub/frantsiles/react-ui-kit/.storybook
[20:15:43.954] [DEBUG] Checking fix eslintPlugin for project C:/Users/pachi/Documents/GitHub/frantsiles/react-ui-kit/.storybook...
[20:15:43.954] [DEBUG] Using cached package.json for C:\Users\pachi\Documents\GitHub\frantsiles\react-ui-kit\package.json...
[20:15:43.954] [DEBUG] Using cached package.json for C:\Users\pachi\Documents\GitHub\frantsiles\react-ui-kit\package.json...
[20:15:43.958] [DEBUG] Checking fix addon-mdx-gfm-remove for project C:/Users/pachi/Documents/GitHub/frantsiles/react-ui-kit/.storybook...
[20:15:43.959] [DEBUG] Using cached package.json for C:\Users\pachi\Documents\GitHub\frantsiles\react-ui-kit\package.json...
[20:15:43.959] [DEBUG] Checking fix addon-storysource-code-panel for project C:/Users/pachi/Documents/GitHub/frantsiles/react-ui-kit/.storybook...
[20:15:43.959] [DEBUG] Checking fix upgrade-storybook-related-dependencies for project C:/Users/pachi/Documents/GitHub/frantsiles/react-ui-kit/.storybook...
[20:15:43.960] [DEBUG] Checking for incompatible storybook packages...
[20:15:43.960] [DEBUG] Using cached package.json for C:\Users\pachi\Documents\GitHub\frantsiles\react-ui-kit\package.json...
[20:15:43.965] [DEBUG] Using cached package.json for C:\Users\pachi\Documents\GitHub\frantsiles\react-ui-kit\package.json...
[20:15:43.965] [DEBUG] Getting installed version for @nx/storybook...
[20:15:43.965] [DEBUG] Executing command: pnpm list "@nx/storybook" --json --depth=99
[20:15:44.943] [DEBUG] Getting CLI versions from NPM for @nx/storybook...
[20:15:44.943] [DEBUG] Executing command: pnpm info @nx/storybook version
[20:15:47.066] [DEBUG] Checking fix initial-globals for project C:/Users/pachi/Documents/GitHub/frantsiles/react-ui-kit/.storybook...
[20:15:47.066] [DEBUG] Checking fix addon-globals-api for project C:/Users/pachi/Documents/GitHub/frantsiles/react-ui-kit/.storybook...
[20:15:47.066] [DEBUG] Checking fix addon-a11y-addon-test for project C:/Users/pachi/Documents/GitHub/frantsiles/react-ui-kit/.storybook...
[20:15:47.067] [DEBUG] Checking fix consolidated-imports for project C:/Users/pachi/Documents/GitHub/frantsiles/react-ui-kit/.storybook...
[20:15:47.068] [DEBUG] Checking fix addon-experimental-test for project C:/Users/pachi/Documents/GitHub/frantsiles/react-ui-kit/.storybook...
[20:15:47.068] [DEBUG] Using cached installed version for @storybook/experimental-addon-test...
[20:15:47.068] [DEBUG] Checking fix rnstorybook-config for project C:/Users/pachi/Documents/GitHub/frantsiles/react-ui-kit/.storybook...
[20:15:47.068] [DEBUG] Using cached package.json for C:\Users\pachi\Documents\GitHub\frantsiles\react-ui-kit\package.json...
[20:15:47.069] [DEBUG] Checking fix migrate-addon-console for project C:/Users/pachi/Documents/GitHub/frantsiles/react-ui-kit/.storybook...
[20:15:47.069] [DEBUG] Using cached package.json for C:\Users\pachi\Documents\GitHub\frantsiles\react-ui-kit\package.json...
[20:15:47.069] [DEBUG] Checking fix nextjs-to-nextjs-vite for project C:/Users/pachi/Documents/GitHub/frantsiles/react-ui-kit/.storybook...
[20:15:47.069] [DEBUG] Using cached package.json for C:\Users\pachi\Documents\GitHub\frantsiles\react-ui-kit\package.json...
[20:15:47.069] [DEBUG] Checking fix remove-addon-interactions for project C:/Users/pachi/Documents/GitHub/frantsiles/react-ui-kit/.storybook...
[20:15:47.069] [DEBUG] Using cached package.json for C:\Users\pachi\Documents\GitHub\frantsiles\react-ui-kit\package.json...
[20:15:47.069] [DEBUG] Checking fix renderer-to-framework for project C:/Users/pachi/Documents/GitHub/frantsiles/react-ui-kit/.storybook...
[20:15:47.070] [DEBUG] Checking fix remove-essential-addons for project C:/Users/pachi/Documents/GitHub/frantsiles/react-ui-kit/.storybook...
[20:15:47.070] [DEBUG] Using cached package.json for C:\Users\pachi\Documents\GitHub\frantsiles\react-ui-kit\package.json...
[20:15:47.070] [DEBUG] Checking fix addon-a11y-parameters for project C:/Users/pachi/Documents/GitHub/frantsiles/react-ui-kit/.storybook...
[20:15:47.070] [DEBUG] Checking fix remove-docs-autodocs for project C:/Users/pachi/Documents/GitHub/frantsiles/react-ui-kit/.storybook...
[20:15:47.093] [DEBUG] Checking fix wrap-getAbsolutePath for project C:/Users/pachi/Documents/GitHub/frantsiles/react-ui-kit/.storybook...
[20:15:47.097] [DEBUG] Checking fix fix-faux-esm-require for project C:/Users/pachi/Documents/GitHub/frantsiles/react-ui-kit/.storybook...
[20:15:47.098] [INFO] detect-automigrations-task: Checking automigrations for
C:/Users/pachi/Documents/GitHub/frantsiles/react-ui-kit/apps/storybook/.storybook...
[20:15:47.099] [DEBUG] Processing project: C:/Users/pachi/Documents/GitHub/frantsiles/react-ui-kit/apps/storybook/.storybook
[20:15:47.099] [DEBUG] Checking fix eslintPlugin for project C:/Users/pachi/Documents/GitHub/frantsiles/react-ui-kit/apps/storybook/.storybook...
[20:15:47.099] [DEBUG] Using cached package.json for C:\Users\pachi\Documents\GitHub\frantsiles\react-ui-kit\apps\storybook\package.json...
[20:15:47.099] [DEBUG] Using cached package.json for C:\Users\pachi\Documents\GitHub\frantsiles\react-ui-kit\package.json...
[20:15:47.099] [DEBUG] Using cached package.json for C:\Users\pachi\Documents\GitHub\frantsiles\react-ui-kit\package.json...
[20:15:47.103] [DEBUG] Checking fix addon-mdx-gfm-remove for project C:/Users/pachi/Documents/GitHub/frantsiles/react-ui-kit/apps/storybook/.storybook...
[20:15:47.103] [DEBUG] Using cached package.json for C:\Users\pachi\Documents\GitHub\frantsiles\react-ui-kit\apps\storybook\package.json...
[20:15:47.103] [DEBUG] Using cached package.json for C:\Users\pachi\Documents\GitHub\frantsiles\react-ui-kit\package.json...
[20:15:47.103] [DEBUG] Checking fix addon-storysource-code-panel for project C:/Users/pachi/Documents/GitHub/frantsiles/react-ui-kit/apps/storybook/.storybook...
[20:15:47.103] [DEBUG] Checking fix upgrade-storybook-related-dependencies for project C:/Users/pachi/Documents/GitHub/frantsiles/react-ui-kit/apps/storybook/.storybook...
[20:15:47.103] [DEBUG] Checking for incompatible storybook packages...
[20:15:47.103] [DEBUG] Using cached package.json for C:\Users\pachi\Documents\GitHub\frantsiles\react-ui-kit\apps\storybook\package.json...
[20:15:47.103] [DEBUG] Using cached package.json for C:\Users\pachi\Documents\GitHub\frantsiles\react-ui-kit\package.json...
[20:15:47.104] [DEBUG] Using cached package.json for C:\Users\pachi\Documents\GitHub\frantsiles\react-ui-kit\apps\storybook\package.json...
[20:15:47.104] [DEBUG] Using cached package.json for C:\Users\pachi\Documents\GitHub\frantsiles\react-ui-kit\package.json...
[20:15:47.105] [DEBUG] Using cached installed version for @nx/storybook...
[20:15:47.105] [DEBUG] Using cached version for @nx/storybook...
[20:15:47.105] [DEBUG] Checking fix initial-globals for project C:/Users/pachi/Documents/GitHub/frantsiles/react-ui-kit/apps/storybook/.storybook...
[20:15:47.105] [DEBUG] Checking fix addon-globals-api for project C:/Users/pachi/Documents/GitHub/frantsiles/react-ui-kit/apps/storybook/.storybook...
[20:15:47.105] [DEBUG] Checking fix addon-a11y-addon-test for project C:/Users/pachi/Documents/GitHub/frantsiles/react-ui-kit/apps/storybook/.storybook...
[20:15:47.105] [DEBUG] Checking fix consolidated-imports for project C:/Users/pachi/Documents/GitHub/frantsiles/react-ui-kit/apps/storybook/.storybook...
[20:15:47.105] [DEBUG] Checking fix addon-experimental-test for project C:/Users/pachi/Documents/GitHub/frantsiles/react-ui-kit/apps/storybook/.storybook...
[20:15:47.105] [DEBUG] Using cached installed version for @storybook/experimental-addon-test...
[20:15:47.105] [DEBUG] Checking fix rnstorybook-config for project C:/Users/pachi/Documents/GitHub/frantsiles/react-ui-kit/apps/storybook/.storybook...
[20:15:47.105] [DEBUG] Using cached package.json for C:\Users\pachi\Documents\GitHub\frantsiles\react-ui-kit\apps\storybook\package.json...
[20:15:47.105] [DEBUG] Using cached package.json for C:\Users\pachi\Documents\GitHub\frantsiles\react-ui-kit\package.json...
[20:15:47.105] [DEBUG] Checking fix migrate-addon-console for project C:/Users/pachi/Documents/GitHub/frantsiles/react-ui-kit/apps/storybook/.storybook...
[20:15:47.105] [DEBUG] Using cached package.json for C:\Users\pachi\Documents\GitHub\frantsiles\react-ui-kit\apps\storybook\package.json...
[20:15:47.105] [DEBUG] Using cached package.json for C:\Users\pachi\Documents\GitHub\frantsiles\react-ui-kit\package.json...
[20:15:47.105] [DEBUG] Checking fix nextjs-to-nextjs-vite for project C:/Users/pachi/Documents/GitHub/frantsiles/react-ui-kit/apps/storybook/.storybook...
[20:15:47.105] [DEBUG] Using cached package.json for C:\Users\pachi\Documents\GitHub\frantsiles\react-ui-kit\apps\storybook\package.json...
[20:15:47.105] [DEBUG] Using cached package.json for C:\Users\pachi\Documents\GitHub\frantsiles\react-ui-kit\package.json...
[20:15:47.105] [DEBUG] Checking fix remove-addon-interactions for project C:/Users/pachi/Documents/GitHub/frantsiles/react-ui-kit/apps/storybook/.storybook...
[20:15:47.105] [DEBUG] Using cached package.json for C:\Users\pachi\Documents\GitHub\frantsiles\react-ui-kit\apps\storybook\package.json...
[20:15:47.105] [DEBUG] Using cached package.json for C:\Users\pachi\Documents\GitHub\frantsiles\react-ui-kit\package.json...
[20:15:47.105] [DEBUG] Checking fix renderer-to-framework for project C:/Users/pachi/Documents/GitHub/frantsiles/react-ui-kit/apps/storybook/.storybook...
[20:15:47.106] [DEBUG] Checking fix remove-essential-addons for project C:/Users/pachi/Documents/GitHub/frantsiles/react-ui-kit/apps/storybook/.storybook...
[20:15:47.106] [DEBUG] Using cached package.json for C:\Users\pachi\Documents\GitHub\frantsiles\react-ui-kit\apps\storybook\package.json...
[20:15:47.106] [DEBUG] Using cached package.json for C:\Users\pachi\Documents\GitHub\frantsiles\react-ui-kit\package.json...
[20:15:47.106] [DEBUG] Checking fix addon-a11y-parameters for project C:/Users/pachi/Documents/GitHub/frantsiles/react-ui-kit/apps/storybook/.storybook...
[20:15:47.106] [DEBUG] Checking fix remove-docs-autodocs for project C:/Users/pachi/Documents/GitHub/frantsiles/react-ui-kit/apps/storybook/.storybook...
[20:15:47.112] [DEBUG] Checking fix wrap-getAbsolutePath for project C:/Users/pachi/Documents/GitHub/frantsiles/react-ui-kit/apps/storybook/.storybook...
[20:15:47.115] [DEBUG] Checking fix fix-faux-esm-require for project C:/Users/pachi/Documents/GitHub/frantsiles/react-ui-kit/apps/storybook/.storybook...
[20:15:47.116] [INFO] detect-automigrations-task: 
Automigrations detected:
[20:15:47.117] [INFO] detect-automigrations-task: [32m[32m✔[32m eslintPlugin[39m
[20:15:47.118] [INFO] detect-automigrations-task: [32m[32m✔[32m remove-addon-interactions[39m
[20:15:47.118] [INFO] detect-automigrations-task: [32m[32m✔[32m renderer-to-framework[39m
[20:15:47.118] [INFO] detect-automigrations-task: [32m[32m✔[32m remove-essential-addons[39m
[20:15:47.119] [INFO] detect-automigrations-task: [32m[32m✔[32m wrap-getAbsolutePath[39m
[20:15:47.119] [INFO] detect-automigrations-task-success: 5 automigration(s) detected
[20:16:05.888] [PROMPT] Select automigrations to run {"choice":["eslintPlugin","remove-addon-interactions","renderer-to-framework","remove-essential-addons","remove-docs-autodocs","wrap-getAbsolutePath"]}
[20:16:05.889] [INFO] automigrate-C:/Users/pachi/Documents/GitHub/frantsiles/react-ui-kit/.storybook-task-start: (1/2) Running automigrations for C:/Users/pachi/Documents/GitHub/frantsiles/react-ui-kit/.storybook
[20:16:05.889] [DEBUG] Adding dependencies: eslint-plugin-storybook@10.1.10
[20:16:05.889] [DEBUG] Using cached package.json for C:\Users\pachi\Documents\GitHub\frantsiles\react-ui-kit\package.json...
[20:16:05.889] [DEBUG] Getting CLI versions from NPM for eslint-plugin-storybook...
[20:16:05.889] [DEBUG] Executing command: pnpm info eslint-plugin-storybook version
[20:16:08.563] [DEBUG] Detected flat config at C:\Users\pachi\Documents\GitHub\frantsiles\react-ui-kit\eslint.config.mjs
[20:16:08.583] [INFO] automigrate-C:/Users/pachi/Documents/GitHub/frantsiles/react-ui-kit/.storybook-task: [32m[32m✔[32m eslintPlugin[39m
[20:16:08.586] [DEBUG] Uninstalling @storybook/addon-interactions
[20:16:08.586] [DEBUG] Using cached package.json for C:\Users\pachi\Documents\GitHub\frantsiles\react-ui-kit\package.json...
[20:16:08.587] [DEBUG] Removing '@storybook/addon-interactions' from main.js addons field.
[20:16:08.589] [INFO] automigrate-C:/Users/pachi/Documents/GitHub/frantsiles/react-ui-kit/.storybook-task: [32m[32m✔[32m remove-addon-interactions[39m
[20:16:08.589] [DEBUG] 
Migrating @storybook/react to @storybook/react-vite
[20:16:08.617] [DEBUG] Updating package.json files...
[20:16:08.619] [INFO] automigrate-C:/Users/pachi/Documents/GitHub/frantsiles/react-ui-kit/.storybook-task: [32m[32m✔[32m renderer-to-framework[39m
[20:16:08.622] [DEBUG] Uninstalling @storybook/addon-essentials
[20:16:08.622] [DEBUG] Using cached package.json for C:\Users\pachi\Documents\GitHub\frantsiles\react-ui-kit\package.json...
[20:16:08.622] [DEBUG] Removing '@storybook/addon-essentials' from main.js addons field.
[20:16:08.654] [DEBUG] Getting Storybook info...
[20:16:08.672] [DEBUG] Loading main config...
[20:16:08.672] [DEBUG] Getting stories paths...
[20:16:08.673] [DEBUG] Getting package manager...
[20:16:08.695] [DEBUG] Getting package.json info for C:/Users/pachi/Documents/GitHub/frantsiles/react-ui-kit/package.json...
[20:16:08.695] [DEBUG] Getting Storybook version...
[20:16:08.700] [INFO] Verifying @storybook/addon-docs
[20:16:08.700] [DEBUG] Getting dependency version for storybook...
[20:16:08.700] [DEBUG] Using cached package.json for C:\Users\pachi\Documents\GitHub\frantsiles\react-ui-kit\package.json...
[20:16:08.700] [INFO] Installing @storybook/addon-docs@^10.1.10
[20:16:08.701] [DEBUG] Using cached package.json for C:\Users\pachi\Documents\GitHub\frantsiles\react-ui-kit\package.json...
[20:16:08.701] [DEBUG] Using cached version for @storybook/addon-docs...
[20:16:08.701] [INFO] Adding '@storybook/addon-docs' to the "addons" field in C:\Users\pachi\Documents\GitHub\frantsiles\react-ui-kit\.storybook\main.js
[20:16:08.713] [INFO] automigrate-C:/Users/pachi/Documents/GitHub/frantsiles/react-ui-kit/.storybook-task: [32m[32m✔[32m remove-essential-addons[39m
[20:16:08.714] [INFO] automigrate-C:/Users/pachi/Documents/GitHub/frantsiles/react-ui-kit/.storybook-task: 🔄 Updating [36mdocs[39m parameter in main config file...
[20:16:08.721] [INFO] automigrate-C:/Users/pachi/Documents/GitHub/frantsiles/react-ui-kit/.storybook-task: [32m[32m✔[32m remove-docs-autodocs[39m
[20:16:08.724] [INFO] ❌ The migration failed to update your [34mC:\Users\pachi\Documents\GitHub\frantsiles\react-ui-kit\.storybook\main.js[39m on your behalf because of the following error:
        SB_CLI_AUTOMIGRATE_0001 (CommonJsConfigNotSupportedError): Support for CommonJS Storybook config files has been removed in Storybook 10.0.0.
Please migrate your config to a valid ESM file.

CommonJS files (ending in .cjs, .cts, .cjsx, .ctsx) or files containing 'module.exports' are no longer supported.
Please convert your config to use ES modules (import/export syntax).

More info: https://storybook.js.org/docs/configure/overview?ref=error#es-modules


[20:16:08.724] [INFO] ⚠️ Storybook automigrations are based on AST parsing and it's possible that your [34mC:\Users\pachi\Documents\GitHub\frantsiles\react-ui-kit\.storybook\main.js[39m file contains a non-standard format (e.g. your export is not an object) or that there was an error when parsing dynamic values (e.g. "require" calls, or usage of environment variables). When your main config is non-standard, automigrations are unfortunately not possible. Please follow the instructions given previously and follow the documentation to make the updates manually.
[20:16:08.725] [INFO] automigrate-C:/Users/pachi/Documents/GitHub/frantsiles/react-ui-kit/.storybook-task: [32m[32m✔[32m wrap-getAbsolutePath[39m
[20:16:08.725] [INFO] automigrate-C:/Users/pachi/Documents/GitHub/frantsiles/react-ui-kit/.storybook-task-success: (1/2) Completed automigrations for C:/Users/pachi/Documents/GitHub/frantsiles/react-ui-kit/.storybook
[20:16:08.725] [INFO] automigrate-C:/Users/pachi/Documents/GitHub/frantsiles/react-ui-kit/apps/storybook/.storybook-task-start: (2/2) Running automigrations for C:/Users/pachi/Documents/GitHub/frantsiles/react-ui-kit/apps/storybook/.storybook
[20:16:08.725] [DEBUG] Adding dependencies: eslint-plugin-storybook@10.1.10
[20:16:08.726] [DEBUG] Using cached package.json for C:\Users\pachi\Documents\GitHub\frantsiles\react-ui-kit\package.json...
[20:16:08.726] [DEBUG] Using cached version for eslint-plugin-storybook...
[20:16:08.727] [DEBUG] Detected flat config at C:\Users\pachi\Documents\GitHub\frantsiles\react-ui-kit\apps\storybook\eslint.config.mjs
[20:16:08.732] [INFO] automigrate-C:/Users/pachi/Documents/GitHub/frantsiles/react-ui-kit/apps/storybook/.storybook-task: [32m[32m✔[32m eslintPlugin[39m
[20:16:08.735] [DEBUG] Uninstalling @storybook/addon-interactions
[20:16:08.735] [DEBUG] Using cached package.json for C:\Users\pachi\Documents\GitHub\frantsiles\react-ui-kit\apps\storybook\package.json...
[20:16:08.735] [DEBUG] Using cached package.json for C:\Users\pachi\Documents\GitHub\frantsiles\react-ui-kit\package.json...
[20:16:08.735] [DEBUG] Removing '@storybook/addon-interactions' from main.js addons field.
[20:16:08.737] [INFO] automigrate-C:/Users/pachi/Documents/GitHub/frantsiles/react-ui-kit/apps/storybook/.storybook-task: [32m[32m✔[32m remove-addon-interactions[39m
[20:16:08.737] [DEBUG] 
Migrating @storybook/react to @storybook/react-vite
[20:16:08.739] [DEBUG] Updating package.json files...
[20:16:08.741] [INFO] automigrate-C:/Users/pachi/Documents/GitHub/frantsiles/react-ui-kit/apps/storybook/.storybook-task: [32m[32m✔[32m renderer-to-framework[39m
[20:16:08.743] [DEBUG] Uninstalling @storybook/addon-essentials
[20:16:08.743] [DEBUG] Using cached package.json for C:\Users\pachi\Documents\GitHub\frantsiles\react-ui-kit\apps\storybook\package.json...
[20:16:08.743] [DEBUG] Using cached package.json for C:\Users\pachi\Documents\GitHub\frantsiles\react-ui-kit\package.json...
[20:16:08.743] [DEBUG] Removing '@storybook/addon-essentials' from main.js addons field.
[20:16:08.746] [DEBUG] Getting Storybook info...
[20:16:08.764] [DEBUG] Loading main config...
[20:16:08.764] [DEBUG] Getting stories paths...
[20:16:08.764] [DEBUG] Getting package manager...
[20:16:08.786] [DEBUG] Getting package.json info for C:/Users/pachi/Documents/GitHub/frantsiles/react-ui-kit/package.json...
[20:16:08.786] [DEBUG] Getting Storybook version...
[20:16:08.788] [INFO] Verifying @storybook/addon-docs
[20:16:08.789] [DEBUG] Getting dependency version for storybook...
[20:16:08.789] [DEBUG] Using cached package.json for C:\Users\pachi\Documents\GitHub\frantsiles\react-ui-kit\apps\storybook\package.json...
[20:16:08.789] [DEBUG] Using cached package.json for C:\Users\pachi\Documents\GitHub\frantsiles\react-ui-kit\package.json...
[20:16:08.789] [INFO] Installing @storybook/addon-docs@^10.1.10
[20:16:08.789] [DEBUG] Using cached package.json for C:\Users\pachi\Documents\GitHub\frantsiles\react-ui-kit\package.json...
[20:16:08.789] [DEBUG] Using cached version for @storybook/addon-docs...
[20:16:08.789] [INFO] Adding '@storybook/addon-docs' to the "addons" field in C:\Users\pachi\Documents\GitHub\frantsiles\react-ui-kit\apps\storybook\.storybook\main.js
[20:16:08.805] [INFO] automigrate-C:/Users/pachi/Documents/GitHub/frantsiles/react-ui-kit/apps/storybook/.storybook-task: [32m[32m✔[32m remove-essential-addons[39m
[20:16:08.812] [INFO] automigrate-C:/Users/pachi/Documents/GitHub/frantsiles/react-ui-kit/apps/storybook/.storybook-task: [32m[32m✔[32m wrap-getAbsolutePath[39m
[20:16:08.812] [INFO] automigrate-C:/Users/pachi/Documents/GitHub/frantsiles/react-ui-kit/apps/storybook/.storybook-task-success: (2/2) Completed automigrations for C:/Users/pachi/Documents/GitHub/frantsiles/react-ui-kit/apps/storybook/.storybook
[20:16:09.440] [DEBUG] Getting package.json info for C:/Users/pachi/Documents/GitHub/frantsiles/react-ui-kit/package.json...
[20:16:09.440] [INFO] Installing dependencies...
[20:16:09.440] [INFO] install-dependencies-spinner-start: Installing dependencies...
[20:16:09.441] [DEBUG] Executing command: pnpm install -w
[20:16:10.239] [INFO] Installing dependencies...:  WARN  `node_modules` is present. Lockfile only installation will make it out-of-date

[20:16:10.239] [INFO] install-dependencies-spinner: Installing dependencies...: WARN  `node_modules` is p
[20:16:10.492] [INFO] Installing dependencies...: Progress: resolved 1, reused 0, downloaded 0, added 0

[20:16:10.492] [INFO] install-dependencies-spinner: Installing dependencies...: Progress: resolved 1, reu
[20:16:10.593] [INFO] Installing dependencies...: 
   ╭──────────────────────────────────────────╮
   │                                          │
   │   Update available! 10.14.0 → 10.26.2.   │
   │   Changelog: https://pnpm.io/v/10.26.2   │
   │     To update, run: pnpm add -g pnpm     │
   │                                          │
   ╰──────────────────────────────────────────╯


[20:16:10.593] [INFO] install-dependencies-spinner: Installing dependencies...: ╭────────────────────────
[20:16:11.497] [INFO] Installing dependencies...: Progress: resolved 23, reused 0, downloaded 0, added 0

[20:16:11.497] [INFO] install-dependencies-spinner: Installing dependencies...: Progress: resolved 23, re
[20:16:12.534] [INFO] Installing dependencies...: Progress: resolved 63, reused 0, downloaded 0, added 0

[20:16:12.534] [INFO] install-dependencies-spinner: Installing dependencies...: Progress: resolved 63, re
[20:16:13.571] [INFO] Installing dependencies...: Progress: resolved 131, reused 0, downloaded 0, added 0

[20:16:13.571] [INFO] install-dependencies-spinner: Installing dependencies...: Progress: resolved 131, r
[20:16:14.579] [INFO] Installing dependencies...: Progress: resolved 313, reused 0, downloaded 0, added 0

[20:16:14.579] [INFO] install-dependencies-spinner: Installing dependencies...: Progress: resolved 313, r
[20:16:15.582] [INFO] Installing dependencies...: Progress: resolved 452, reused 0, downloaded 0, added 0

[20:16:15.582] [INFO] install-dependencies-spinner: Installing dependencies...: Progress: resolved 452, r
[20:16:16.586] [INFO] Installing dependencies...: Progress: resolved 590, reused 0, downloaded 0, added 0

[20:16:16.586] [INFO] install-dependencies-spinner: Installing dependencies...: Progress: resolved 590, r
[20:16:17.587] [INFO] Installing dependencies...: Progress: resolved 773, reused 0, downloaded 0, added 0

[20:16:17.587] [INFO] install-dependencies-spinner: Installing dependencies...: Progress: resolved 773, r
[20:16:18.591] [INFO] Installing dependencies...: Progress: resolved 868, reused 0, downloaded 0, added 0

[20:16:18.591] [INFO] install-dependencies-spinner: Installing dependencies...: Progress: resolved 868, r
[20:16:19.593] [INFO] Installing dependencies...: Progress: resolved 996, reused 0, downloaded 0, added 0

[20:16:19.593] [INFO] install-dependencies-spinner: Installing dependencies...: Progress: resolved 996, r
[20:16:20.621] [INFO] Installing dependencies...: Progress: resolved 1199, reused 0, downloaded 0, added 0

[20:16:20.621] [INFO] install-dependencies-spinner: Installing dependencies...: Progress: resolved 1199, 
[20:16:21.623] [INFO] Installing dependencies...: Progress: resolved 1348, reused 0, downloaded 0, added 0

[20:16:21.623] [INFO] install-dependencies-spinner: Installing dependencies...: Progress: resolved 1348, 
[20:16:22.627] [INFO] Installing dependencies...: Progress: resolved 1562, reused 0, downloaded 0, added 0

[20:16:22.627] [INFO] install-dependencies-spinner: Installing dependencies...: Progress: resolved 1562, 
[20:16:23.374] [INFO] Installing dependencies...:  WARN  4 deprecated subdependencies found: glob@8.1.0, inflight@1.0.6, keygrip@1.1.0, stable@0.1.8

[20:16:23.374] [INFO] install-dependencies-spinner: Installing dependencies...: WARN  4 deprecated subdep
[20:16:23.532] [INFO] Installing dependencies...: Progress: resolved 1618, reused 0, downloaded 0, added 0, done

[20:16:23.532] [INFO] install-dependencies-spinner: Installing dependencies...: Progress: resolved 1618, 
[20:16:23.534] [INFO] Installing dependencies...: 

[20:16:23.534] [INFO] install-dependencies-spinner: Installing dependencies...: 
[20:16:25.027] [INFO] Installing dependencies...: Packages: +42 -20
++++++++++++++++++++++++++++++++++++++++++--------------------

[20:16:25.027] [INFO] install-dependencies-spinner: Installing dependencies...: Packages: +42 -20
+++++++
[20:16:29.547] [INFO] Installing dependencies...: Done in 19.9s using pnpm v10.14.0

[20:16:29.547] [INFO] install-dependencies-spinner: Installing dependencies...: Done in 19.9s using pnpm 
[20:16:29.645] [INFO] Dependencies installed
[20:16:29.645] [INFO] install-dependencies-spinner-stop: Dependencies installed
[20:16:29.646] [WARN] Since you are in a monorepo, we advise you to deduplicate your dependencies. We can do this for you but it might take some time.
[20:16:39.594] [PROMPT] Execute pnpm run dedupe? {"choice":true}
[20:16:39.594] [INFO] Deduplicating dependencies...
[20:16:39.594] [INFO] Deduplicating dependencies...
[20:16:39.595] [DEBUG] Executing command: pnpm dedupe
[20:16:40.601] [INFO] Progress: resolved 1, reused 0, downloaded 0, added 0
[20:16:40.601] [INFO] Progress: resolved 1, reused 0, downloaded 0, added 0
[20:16:41.602] [INFO] Progress: resolved 36, reused 33, downloaded 0, added 0
[20:16:41.602] [INFO] Progress: resolved 36, reused 33, downloaded 0, added 0
[20:16:42.613] [INFO] Progress: resolved 61, reused 59, downloaded 0, added 0
[20:16:42.613] [INFO] Progress: resolved 61, reused 59, downloaded 0, added 0
[20:16:43.614] [INFO] Progress: resolved 97, reused 94, downloaded 0, added 0
[20:16:43.614] [INFO] Progress: resolved 97, reused 94, downloaded 0, added 0
[20:16:44.620] [INFO] Progress: resolved 167, reused 153, downloaded 0, added 0
[20:16:44.620] [INFO] Progress: resolved 167, reused 153, downloaded 0, added 0
[20:16:45.621] [INFO] Progress: resolved 257, reused 247, downloaded 0, added 0
[20:16:45.621] [INFO] Progress: resolved 257, reused 247, downloaded 0, added 0
[20:16:46.646] [INFO] Progress: resolved 339, reused 317, downloaded 0, added 0
[20:16:46.646] [INFO] Progress: resolved 339, reused 317, downloaded 0, added 0
[20:16:47.668] [INFO] Progress: resolved 439, reused 414, downloaded 0, added 0
[20:16:47.668] [INFO] Progress: resolved 439, reused 414, downloaded 0, added 0
[20:16:48.668] [INFO] Progress: resolved 538, reused 514, downloaded 0, added 0
[20:16:48.668] [INFO] Progress: resolved 538, reused 514, downloaded 0, added 0
[20:16:49.718] [INFO] Progress: resolved 625, reused 600, downloaded 0, added 0
[20:16:49.718] [INFO] Progress: resolved 625, reused 600, downloaded 0, added 0
[20:16:50.720] [INFO] Progress: resolved 748, reused 694, downloaded 0, added 0
[20:16:50.720] [INFO] Progress: resolved 748, reused 694, downloaded 0, added 0
[20:16:51.729] [INFO] Progress: resolved 814, reused 760, downloaded 0, added 0
[20:16:51.729] [INFO] Progress: resolved 814, reused 760, downloaded 0, added 0
[20:16:52.729] [INFO] Progress: resolved 968, reused 872, downloaded 0, added 0
[20:16:52.729] [INFO] Progress: resolved 968, reused 872, downloaded 0, added 0
[20:16:53.732] [INFO] Progress: resolved 1103, reused 984, downloaded 0, added 0
[20:16:53.732] [INFO] Progress: resolved 1103, reused 984, downloaded 0, added 0
[20:16:54.740] [INFO] Progress: resolved 1192, reused 1073, downloaded 0, added 0
[20:16:54.740] [INFO] Progress: resolved 1192, reused 1073, downloaded 0, added 0
[20:16:55.741] [INFO] Progress: resolved 1336, reused 1205, downloaded 0, added 0
[20:16:55.741] [INFO] Progress: resolved 1336, reused 1205, downloaded 0, added 0
[20:16:56.753] [INFO] Progress: resolved 1431, reused 1302, downloaded 0, added 0
[20:16:56.753] [INFO] Progress: resolved 1431, reused 1302, downloaded 0, added 0
[20:16:57.752] [INFO] Progress: resolved 1555, reused 1423, downloaded 0, added 0
[20:16:57.752] [INFO] Progress: resolved 1555, reused 1423, downloaded 0, added 0
[20:16:58.524] [INFO] WARN  4 deprecated subdependencies found: glob@8.1.0, inflight@1.0.6, keygrip@1.1.0, stable@0.1.8
[20:16:58.524] [INFO] WARN  4 deprecated subdependencies found: glob@8.1.0, inflight@1.0.6, keygrip@1.1.0, stable@0.1.8
[20:16:58.578] [INFO] Packages: -83
--------------------------------------------------------------------------------
[20:16:58.578] [INFO] Packages: -83
--------------------------------------------------------------------------------
[20:16:58.759] [INFO] Progress: resolved 1578, reused 1450, downloaded 0, added 7
[20:16:58.759] [INFO] Progress: resolved 1578, reused 1450, downloaded 0, added 7
[20:16:59.164] [INFO] Progress: resolved 1578, reused 1450, downloaded 0, added 7, done
[20:16:59.164] [INFO] Progress: resolved 1578, reused 1450, downloaded 0, added 7, done
[20:17:00.115] [INFO] 
[20:17:00.115] [INFO] 
[20:17:00.247] [INFO] Dependencies deduplicated
[20:17:00.247] [INFO] [32mDependencies deduplicated[39m
[20:17:00.247] [INFO] Checking the health of your project(s)..
[20:17:00.248] [DEBUG] Using cached package.json for C:\Users\pachi\Documents\GitHub\frantsiles\react-ui-kit\package.json...
[20:17:00.250] [DEBUG] Executing command: pnpm list "@storybook/*" "storybook" --json --depth=99
[20:17:01.183] [DEBUG] Using cached package.json for C:\Users\pachi\Documents\GitHub\frantsiles\react-ui-kit\apps\storybook\package.json...
[20:17:01.183] [DEBUG] Using cached package.json for C:\Users\pachi\Documents\GitHub\frantsiles\react-ui-kit\package.json...
[20:17:01.185] [DEBUG] Executing command: pnpm list "@storybook/*" "storybook" --json --depth=99
[20:17:01.985] [INFO] All 2 Storybook projects look good!
[20:17:01.986] [INFO] [32mYour project(s) have been upgraded successfully! 🎉[39m
[20:17:01.986] [INFO] If you want to learn more about the automigrations that executed in your project(s), please check the following links:
• ]8;;https://storybook.js.org/docs/9/configure/integration/eslint-plugineslintPlugin]8;;
• ]8;;https://github.com/storybookjs/storybook/blob/next/MIGRATION.md#essentials-addon-viewport-controls-interactions-and-actions-moved-to-coreremove-addon-interactions]8;;
• ]8;;https://github.com/storybookjs/storybook/blob/next/MIGRATION.md#moving-from-renderer-based-to-framework-based-configurationrenderer-to-framework]8;;
• ]8;;https://github.com/storybookjs/storybook/blob/next/MIGRATION.md#essentials-addon-viewport-controls-interactions-and-actions-moved-to-coreremove-essential-addons]8;;
• ]8;;https://github.com/storybookjs/storybook/blob/next/MIGRATION.md#mainjs-docsautodocs-is-deprecatedremove-docs-autodocs]8;;
• ]8;;https://storybook.js.org/docs/faq#how-do-i-fix-module-resolution-in-special-environmentswrap-getAbsolutePath]8;;
[20:17:01.987] [INFO] For a full list of changes, please check our migration guide: [36mhttps://storybook.js.org/docs/releases/migration-guide?ref=upgrade[39m
[20:17:03.886] [INFO] Storybook upgrade completed!