[20:17:49.765] [INFO] storybook v10.1.10
[20:17:49.961] [ERROR] [38;2;241;97;97mSB_CORE-SERVER_0007 (MainFileEvaluationError): Storybook couldn't evaluate your [33m.storybook\main.js[39m file.

Original error:
[37mError [ERR_MODULE_NOT_FOUND]: Cannot find package '@storybook/addon-onboarding' imported from \.storybook\main.js
    at Object.getPackageJSONURL (node:internal/modules/package_json_reader:314:9)
    at packageResolve (node:internal/modules/esm/resolve:767:81)
    at moduleResolve (node:internal/modules/esm/resolve:853:18)
    at defaultResolve (node:internal/modules/esm/resolve:983:11)
    at nextResolve (node:internal/modules/esm/hooks:748:28)
    at Hooks.resolve (node:internal/modules/esm/hooks:240:30)
    at MessagePort.handleMessage (node:internal/modules/esm/worker:199:24)
    at [nodejs.internal.kHybridDispatch] (node:internal/event_target:845:20)
    at MessagePort.<anonymous> (node:internal/per_context/messageport:23:28)[39m[39m
    at loadMainConfig (file:///C:/Users/pachi/Documents/GitHub/frantsiles/react-ui-kit/node_modules/.pnpm/storybook@10.1.10_@testing-_6f19ae8fcb27e001b0bd2fa77bc54ed5/node_modules/storybook/dist/_node-chunks/chunk-LLCTWVOB.js:11701:11)
    at async buildDevStandalone (file:///C:/Users/pachi/Documents/GitHub/frantsiles/react-ui-kit/node_modules/.pnpm/storybook@10.1.10_@testing-_6f19ae8fcb27e001b0bd2fa77bc54ed5/node_modules/storybook/dist/core-server/index.js:7149:16)
    at async withTelemetry (file:///C:/Users/pachi/Documents/GitHub/frantsiles/react-ui-kit/node_modules/.pnpm/storybook@10.1.10_@testing-_6f19ae8fcb27e001b0bd2fa77bc54ed5/node_modules/storybook/dist/_node-chunks/chunk-PGCRO4IZ.js:209:12)
    at async dev (file:///C:/Users/pachi/Documents/GitHub/frantsiles/react-ui-kit/node_modules/.pnpm/storybook@10.1.10_@testing-_6f19ae8fcb27e001b0bd2fa77bc54ed5/node_modules/storybook/dist/bin/core.js:2734:3)
    at async _Command.<anonymous> (file:///C:/Users/pachi/Documents/GitHub/frantsiles/react-ui-kit/node_modules/.pnpm/storybook@10.1.10_@testing-_6f19ae8fcb27e001b0bd2fa77bc54ed5/node_modules/storybook/dist/bin/core.js:2801:92)
[20:17:49.964] [WARN] Broken build, fix the error above.
You may need to refresh the browser.
[20:17:49.971] [WARN]   Failed to load preset: "C:/Users/pachi/Documents/GitHub/frantsiles/react-ui-kit/apps/storybook/.storybook/main.js"
[20:17:49.972] [ERROR] Error [ERR_MODULE_NOT_FOUND]: Cannot find package '@storybook/addon-onboarding' imported from .\.storybook\main.js
    at Object.getPackageJSONURL (node:internal/modules/package_json_reader:314:9)
    at packageResolve (node:internal/modules/esm/resolve:767:81)
    at moduleResolve (node:internal/modules/esm/resolve:853:18)
    at defaultResolve (node:internal/modules/esm/resolve:983:11)
    at nextResolve (node:internal/modules/esm/hooks:748:28)
    at Hooks.resolve (node:internal/modules/esm/hooks:240:30)
    at MessagePort.handleMessage (node:internal/modules/esm/worker:199:24)
    at [nodejs.internal.kHybridDispatch] (node:internal/event_target:845:20)
    at MessagePort.<anonymous> (node:internal/per_context/messageport:23:28)